[INFO] [2017-03-17 19:34:54][org.springframework.web.context.ContextLoader]Root WebApplicationContext: initialization started
[INFO] [2017-03-17 19:34:54][org.springframework.web.context.support.XmlWebApplicationContext]Refreshing Root WebApplicationContext: startup date [Fri Mar 17 19:34:54 CST 2017]; root of context hierarchy
[INFO] [2017-03-17 19:34:54][org.springframework.beans.factory.xml.XmlBeanDefinitionReader]Loading XML bean definitions from class path resource [spring/spring-mybatis.xml]
[WARN] [2017-03-17 19:34:55][org.springframework.web.context.support.XmlWebApplicationContext]Exception encountered during context initialization - cancelling refresh attempt: org.springframework.beans.factory.UnsatisfiedDependencyException: Error creating bean with name 'userServiceImpl': Unsatisfied dependency expressed through field 'frontUserMapper'; nested exception is org.springframework.beans.factory.BeanCreationException: Error creating bean with name 'frontUserMapper' defined in file [D:\idea\apache-tomcat-8.5.12-windows-x64\apache-tomcat-8.5.12\webapps\ROOT\WEB-INF\classes\com\informationstorm\admin\dao\FrontUserMapper.class]: Cannot resolve reference to bean 'sqlSessionFactory' while setting bean property 'sqlSessionFactory'; nested exception is org.springframework.beans.factory.BeanCreationException: Error creating bean with name 'sqlSessionFactory' defined in class path resource [spring/spring-mybatis.xml]: Initialization of bean failed; nested exception is org.springframework.beans.TypeMismatchException: Failed to convert property value of type 'java.lang.String' to required type 'org.springframework.core.io.Resource[]' for property 'mapperLocations'; nested exception is java.lang.IllegalArgumentException: Could not resolve resource location pattern [classpath:com/informationstorm/admin/mapping/*.xml]: class path resource [com/informationstorm/admin/mapping/] cannot be resolved to URL because it does not exist
[ERROR] [2017-03-17 19:34:55][org.springframework.web.context.ContextLoader]Context initialization failed
org.springframework.beans.factory.UnsatisfiedDependencyException: Error creating bean with name 'userServiceImpl': Unsatisfied dependency expressed through field 'frontUserMapper'; nested exception is org.springframework.beans.factory.BeanCreationException: Error creating bean with name 'frontUserMapper' defined in file [D:\idea\apache-tomcat-8.5.12-windows-x64\apache-tomcat-8.5.12\webapps\ROOT\WEB-INF\classes\com\informationstorm\admin\dao\FrontUserMapper.class]: Cannot resolve reference to bean 'sqlSessionFactory' while setting bean property 'sqlSessionFactory'; nested exception is org.springframework.beans.factory.BeanCreationException: Error creating bean with name 'sqlSessionFactory' defined in class path resource [spring/spring-mybatis.xml]: Initialization of bean failed; nested exception is org.springframework.beans.TypeMismatchException: Failed to convert property value of type 'java.lang.String' to required type 'org.springframework.core.io.Resource[]' for property 'mapperLocations'; nested exception is java.lang.IllegalArgumentException: Could not resolve resource location pattern [classpath:com/informationstorm/admin/mapping/*.xml]: class path resource [com/informationstorm/admin/mapping/] cannot be resolved to URL because it does not exist
	at org.springframework.beans.factory.annotation.AutowiredAnnotationBeanPostProcessor$AutowiredFieldElement.inject(AutowiredAnnotationBeanPostProcessor.java:588)
	at org.springframework.beans.factory.annotation.InjectionMetadata.inject(InjectionMetadata.java:88)
	at org.springframework.beans.factory.annotation.AutowiredAnnotationBeanPostProcessor.postProcessPropertyValues(AutowiredAnnotationBeanPostProcessor.java:366)
	at org.springframework.beans.factory.support.AbstractAutowireCapableBeanFactory.populateBean(AbstractAutowireCapableBeanFactory.java:1264)
	at org.springframework.beans.factory.support.AbstractAutowireCapableBeanFactory.doCreateBean(AbstractAutowireCapableBeanFactory.java:553)
	at org.springframework.beans.factory.support.AbstractAutowireCapableBeanFactory.createBean(AbstractAutowireCapableBeanFactory.java:483)
	at org.springframework.beans.factory.support.AbstractBeanFactory$1.getObject(AbstractBeanFactory.java:306)
	at org.springframework.beans.factory.support.DefaultSingletonBeanRegistry.getSingleton(DefaultSingletonBeanRegistry.java:230)
	at org.springframework.beans.factory.support.AbstractBeanFactory.doGetBean(AbstractBeanFactory.java:302)
	at org.springframework.beans.factory.support.AbstractBeanFactory.getBean(AbstractBeanFactory.java:197)
	at org.springframework.beans.factory.support.DefaultListableBeanFactory.preInstantiateSingletons(DefaultListableBeanFactory.java:761)
	at org.springframework.context.support.AbstractApplicationContext.finishBeanFactoryInitialization(AbstractApplicationContext.java:866)
	at org.springframework.context.support.AbstractApplicationContext.refresh(AbstractApplicationContext.java:542)
	at org.springframework.web.context.ContextLoader.configureAndRefreshWebApplicationContext(ContextLoader.java:443)
	at org.springframework.web.context.ContextLoader.initWebApplicationContext(ContextLoader.java:325)
	at org.springframework.web.context.ContextLoaderListener.contextInitialized(ContextLoaderListener.java:107)
	at org.apache.catalina.core.StandardContext.listenerStart(StandardContext.java:4754)
	at org.apache.catalina.core.StandardContext.startInternal(StandardContext.java:5216)
	at org.apache.catalina.util.LifecycleBase.start(LifecycleBase.java:150)
	at org.apache.catalina.core.ContainerBase.addChildInternal(ContainerBase.java:752)
	at org.apache.catalina.core.ContainerBase.addChild(ContainerBase.java:728)
	at org.apache.catalina.core.StandardHost.addChild(StandardHost.java:734)
	at org.apache.catalina.startup.HostConfig.manageApp(HostConfig.java:1702)
	at sun.reflect.NativeMethodAccessorImpl.invoke0(Native Method)
	at sun.reflect.NativeMethodAccessorImpl.invoke(NativeMethodAccessorImpl.java:62)
	at sun.reflect.DelegatingMethodAccessorImpl.invoke(DelegatingMethodAccessorImpl.java:43)
	at java.lang.reflect.Method.invoke(Method.java:483)
	at org.apache.tomcat.util.modeler.BaseModelMBean.invoke(BaseModelMBean.java:300)
	at com.sun.jmx.interceptor.DefaultMBeanServerInterceptor.invoke(DefaultMBeanServerInterceptor.java:819)
	at com.sun.jmx.mbeanserver.JmxMBeanServer.invoke(JmxMBeanServer.java:801)
	at org.apache.catalina.mbeans.MBeanFactory.createStandardContext(MBeanFactory.java:482)
	at org.apache.catalina.mbeans.MBeanFactory.createStandardContext(MBeanFactory.java:431)
	at sun.reflect.NativeMethodAccessorImpl.invoke0(Native Method)
	at sun.reflect.NativeMethodAccessorImpl.invoke(NativeMethodAccessorImpl.java:62)
	at sun.reflect.DelegatingMethodAccessorImpl.invoke(DelegatingMethodAccessorImpl.java:43)
	at java.lang.reflect.Method.invoke(Method.java:483)
	at org.apache.tomcat.util.modeler.BaseModelMBean.invoke(BaseModelMBean.java:300)
	at com.sun.jmx.interceptor.DefaultMBeanServerInterceptor.invoke(DefaultMBeanServerInterceptor.java:819)
	at com.sun.jmx.mbeanserver.JmxMBeanServer.invoke(JmxMBeanServer.java:801)
	at javax.management.remote.rmi.RMIConnectionImpl.doOperation(RMIConnectionImpl.java:1466)
	at javax.management.remote.rmi.RMIConnectionImpl.access$300(RMIConnectionImpl.java:76)
	at javax.management.remote.rmi.RMIConnectionImpl$PrivilegedOperation.run(RMIConnectionImpl.java:1307)
	at javax.management.remote.rmi.RMIConnectionImpl.doPrivilegedOperation(RMIConnectionImpl.java:1399)
	at javax.management.remote.rmi.RMIConnectionImpl.invoke(RMIConnectionImpl.java:828)
	at sun.reflect.NativeMethodAccessorImpl.invoke0(Native Method)
	at sun.reflect.NativeMethodAccessorImpl.invoke(NativeMethodAccessorImpl.java:62)
	at sun.reflect.DelegatingMethodAccessorImpl.invoke(DelegatingMethodAccessorImpl.java:43)
	at java.lang.reflect.Method.invoke(Method.java:483)
	at sun.rmi.server.UnicastServerRef.dispatch(UnicastServerRef.java:323)
	at sun.rmi.transport.Transport$1.run(Transport.java:200)
	at sun.rmi.transport.Transport$1.run(Transport.java:197)
	at java.security.AccessController.doPrivileged(Native Method)
	at sun.rmi.transport.Transport.serviceCall(Transport.java:196)
	at sun.rmi.transport.tcp.TCPTransport.handleMessages(TCPTransport.java:568)
	at sun.rmi.transport.tcp.TCPTransport$ConnectionHandler.run0(TCPTransport.java:826)
	at sun.rmi.transport.tcp.TCPTransport$ConnectionHandler.lambda$run$240(TCPTransport.java:683)
	at sun.rmi.transport.tcp.TCPTransport$ConnectionHandler$$Lambda$2/1499082614.run(Unknown Source)
	at java.security.AccessController.doPrivileged(Native Method)
	at sun.rmi.transport.tcp.TCPTransport$ConnectionHandler.run(TCPTransport.java:682)
	at java.util.concurrent.ThreadPoolExecutor.runWorker(ThreadPoolExecutor.java:1142)
	at java.util.concurrent.ThreadPoolExecutor$Worker.run(ThreadPoolExecutor.java:617)
	at java.lang.Thread.run(Thread.java:745)
Caused by: org.springframework.beans.factory.BeanCreationException: Error creating bean with name 'frontUserMapper' defined in file [D:\idea\apache-tomcat-8.5.12-windows-x64\apache-tomcat-8.5.12\webapps\ROOT\WEB-INF\classes\com\informationstorm\admin\dao\FrontUserMapper.class]: Cannot resolve reference to bean 'sqlSessionFactory' while setting bean property 'sqlSessionFactory'; nested exception is org.springframework.beans.factory.BeanCreationException: Error creating bean with name 'sqlSessionFactory' defined in class path resource [spring/spring-mybatis.xml]: Initialization of bean failed; nested exception is org.springframework.beans.TypeMismatchException: Failed to convert property value of type 'java.lang.String' to required type 'org.springframework.core.io.Resource[]' for property 'mapperLocations'; nested exception is java.lang.IllegalArgumentException: Could not resolve resource location pattern [classpath:com/informationstorm/admin/mapping/*.xml]: class path resource [com/informationstorm/admin/mapping/] cannot be resolved to URL because it does not exist
	at org.springframework.beans.factory.support.BeanDefinitionValueResolver.resolveReference(BeanDefinitionValueResolver.java:359)
	at org.springframework.beans.factory.support.BeanDefinitionValueResolver.resolveValueIfNecessary(BeanDefinitionValueResolver.java:108)
	at org.springframework.beans.factory.support.AbstractAutowireCapableBeanFactory.applyPropertyValues(AbstractAutowireCapableBeanFactory.java:1531)
	at org.springframework.beans.factory.support.AbstractAutowireCapableBeanFactory.populateBean(AbstractAutowireCapableBeanFactory.java:1276)
	at org.springframework.beans.factory.support.AbstractAutowireCapableBeanFactory.doCreateBean(AbstractAutowireCapableBeanFactory.java:553)
	at org.springframework.beans.factory.support.AbstractAutowireCapableBeanFactory.createBean(AbstractAutowireCapableBeanFactory.java:483)
	at org.springframework.beans.factory.support.AbstractBeanFactory$1.getObject(AbstractBeanFactory.java:306)
	at org.springframework.beans.factory.support.DefaultSingletonBeanRegistry.getSingleton(DefaultSingletonBeanRegistry.java:230)
	at org.springframework.beans.factory.support.AbstractBeanFactory.doGetBean(AbstractBeanFactory.java:302)
	at org.springframework.beans.factory.support.AbstractBeanFactory.getBean(AbstractBeanFactory.java:202)
	at org.springframework.beans.factory.config.DependencyDescriptor.resolveCandidate(DependencyDescriptor.java:208)
	at org.springframework.beans.factory.support.DefaultListableBeanFactory.doResolveDependency(DefaultListableBeanFactory.java:1138)
	at org.springframework.beans.factory.support.DefaultListableBeanFactory.resolveDependency(DefaultListableBeanFactory.java:1066)
	at org.springframework.beans.factory.annotation.AutowiredAnnotationBeanPostProcessor$AutowiredFieldElement.inject(AutowiredAnnotationBeanPostProcessor.java:585)
	... 61 more
Caused by: org.springframework.beans.factory.BeanCreationException: Error creating bean with name 'sqlSessionFactory' defined in class path resource [spring/spring-mybatis.xml]: Initialization of bean failed; nested exception is org.springframework.beans.TypeMismatchException: Failed to convert property value of type 'java.lang.String' to required type 'org.springframework.core.io.Resource[]' for property 'mapperLocations'; nested exception is java.lang.IllegalArgumentException: Could not resolve resource location pattern [classpath:com/informationstorm/admin/mapping/*.xml]: class path resource [com/informationstorm/admin/mapping/] cannot be resolved to URL because it does not exist
	at org.springframework.beans.factory.support.AbstractAutowireCapableBeanFactory.doCreateBean(AbstractAutowireCapableBeanFactory.java:564)
	at org.springframework.beans.factory.support.AbstractAutowireCapableBeanFactory.createBean(AbstractAutowireCapableBeanFactory.java:483)
	at org.springframework.beans.factory.support.AbstractBeanFactory$1.getObject(AbstractBeanFactory.java:306)
	at org.springframework.beans.factory.support.DefaultSingletonBeanRegistry.getSingleton(DefaultSingletonBeanRegistry.java:230)
	at org.springframework.beans.factory.support.AbstractBeanFactory.doGetBean(AbstractBeanFactory.java:302)
	at org.springframework.beans.factory.support.AbstractBeanFactory.getBean(AbstractBeanFactory.java:197)
	at org.springframework.beans.factory.support.BeanDefinitionValueResolver.resolveReference(BeanDefinitionValueResolver.java:351)
	... 74 more
Caused by: org.springframework.beans.TypeMismatchException: Failed to convert property value of type 'java.lang.String' to required type 'org.springframework.core.io.Resource[]' for property 'mapperLocations'; nested exception is java.lang.IllegalArgumentException: Could not resolve resource location pattern [classpath:com/informationstorm/admin/mapping/*.xml]: class path resource [com/informationstorm/admin/mapping/] cannot be resolved to URL because it does not exist
	at org.springframework.beans.AbstractNestablePropertyAccessor.convertIfNecessary(AbstractNestablePropertyAccessor.java:610)
	at org.springframework.beans.AbstractNestablePropertyAccessor.convertForProperty(AbstractNestablePropertyAccessor.java:617)
	at org.springframework.beans.BeanWrapperImpl.convertForProperty(BeanWrapperImpl.java:216)
	at org.springframework.beans.factory.support.AbstractAutowireCapableBeanFactory.convertForProperty(AbstractAutowireCapableBeanFactory.java:1577)
	at org.springframework.beans.factory.support.AbstractAutowireCapableBeanFactory.applyPropertyValues(AbstractAutowireCapableBeanFactory.java:1536)
	at org.springframework.beans.factory.support.AbstractAutowireCapableBeanFactory.populateBean(AbstractAutowireCapableBeanFactory.java:1276)
	at org.springframework.beans.factory.support.AbstractAutowireCapableBeanFactory.doCreateBean(AbstractAutowireCapableBeanFactory.java:553)
	... 80 more
Caused by: java.lang.IllegalArgumentException: Could not resolve resource location pattern [classpath:com/informationstorm/admin/mapping/*.xml]: class path resource [com/informationstorm/admin/mapping/] cannot be resolved to URL because it does not exist
	at org.springframework.core.io.support.ResourceArrayPropertyEditor.setAsText(ResourceArrayPropertyEditor.java:116)
	at org.springframework.beans.TypeConverterDelegate.doConvertTextValue(TypeConverterDelegate.java:468)
	at org.springframework.beans.TypeConverterDelegate.doConvertValue(TypeConverterDelegate.java:441)
	at org.springframework.beans.TypeConverterDelegate.convertIfNecessary(TypeConverterDelegate.java:199)
	at org.springframework.beans.AbstractNestablePropertyAccessor.convertIfNecessary(AbstractNestablePropertyAccessor.java:590)
	... 86 more
[INFO] [2017-03-17 19:37:57][org.springframework.web.context.ContextLoader]Root WebApplicationContext: initialization started
[INFO] [2017-03-17 19:37:57][org.springframework.web.context.support.XmlWebApplicationContext]Refreshing Root WebApplicationContext: startup date [Fri Mar 17 19:37:57 CST 2017]; root of context hierarchy
[INFO] [2017-03-17 19:37:57][org.springframework.beans.factory.xml.XmlBeanDefinitionReader]Loading XML bean definitions from class path resource [spring/spring-mybatis.xml]
[WARN] [2017-03-17 19:37:58][org.springframework.web.context.support.XmlWebApplicationContext]Exception encountered during context initialization - cancelling refresh attempt: org.springframework.beans.factory.UnsatisfiedDependencyException: Error creating bean with name 'userServiceImpl': Unsatisfied dependency expressed through field 'frontUserMapper'; nested exception is org.springframework.beans.factory.BeanCreationException: Error creating bean with name 'frontUserMapper' defined in file [D:\idea\apache-tomcat-8.5.12-windows-x64\apache-tomcat-8.5.12\webapps\ROOT\WEB-INF\classes\com\informationstorm\admin\dao\FrontUserMapper.class]: Cannot resolve reference to bean 'sqlSessionFactory' while setting bean property 'sqlSessionFactory'; nested exception is org.springframework.beans.factory.BeanCreationException: Error creating bean with name 'sqlSessionFactory' defined in class path resource [spring/spring-mybatis.xml]: Initialization of bean failed; nested exception is org.springframework.beans.TypeMismatchException: Failed to convert property value of type 'java.lang.String' to required type 'org.springframework.core.io.Resource[]' for property 'mapperLocations'; nested exception is java.lang.IllegalArgumentException: Could not resolve resource location pattern [com/informationstorm/admin/mapping/*.xml]: ServletContext resource [/com/informationstorm/admin/mapping/] cannot be resolved to URL because it does not exist
[ERROR] [2017-03-17 19:37:58][org.springframework.web.context.ContextLoader]Context initialization failed
org.springframework.beans.factory.UnsatisfiedDependencyException: Error creating bean with name 'userServiceImpl': Unsatisfied dependency expressed through field 'frontUserMapper'; nested exception is org.springframework.beans.factory.BeanCreationException: Error creating bean with name 'frontUserMapper' defined in file [D:\idea\apache-tomcat-8.5.12-windows-x64\apache-tomcat-8.5.12\webapps\ROOT\WEB-INF\classes\com\informationstorm\admin\dao\FrontUserMapper.class]: Cannot resolve reference to bean 'sqlSessionFactory' while setting bean property 'sqlSessionFactory'; nested exception is org.springframework.beans.factory.BeanCreationException: Error creating bean with name 'sqlSessionFactory' defined in class path resource [spring/spring-mybatis.xml]: Initialization of bean failed; nested exception is org.springframework.beans.TypeMismatchException: Failed to convert property value of type 'java.lang.String' to required type 'org.springframework.core.io.Resource[]' for property 'mapperLocations'; nested exception is java.lang.IllegalArgumentException: Could not resolve resource location pattern [com/informationstorm/admin/mapping/*.xml]: ServletContext resource [/com/informationstorm/admin/mapping/] cannot be resolved to URL because it does not exist
	at org.springframework.beans.factory.annotation.AutowiredAnnotationBeanPostProcessor$AutowiredFieldElement.inject(AutowiredAnnotationBeanPostProcessor.java:588)
	at org.springframework.beans.factory.annotation.InjectionMetadata.inject(InjectionMetadata.java:88)
	at org.springframework.beans.factory.annotation.AutowiredAnnotationBeanPostProcessor.postProcessPropertyValues(AutowiredAnnotationBeanPostProcessor.java:366)
	at org.springframework.beans.factory.support.AbstractAutowireCapableBeanFactory.populateBean(AbstractAutowireCapableBeanFactory.java:1264)
	at org.springframework.beans.factory.support.AbstractAutowireCapableBeanFactory.doCreateBean(AbstractAutowireCapableBeanFactory.java:553)
	at org.springframework.beans.factory.support.AbstractAutowireCapableBeanFactory.createBean(AbstractAutowireCapableBeanFactory.java:483)
	at org.springframework.beans.factory.support.AbstractBeanFactory$1.getObject(AbstractBeanFactory.java:306)
	at org.springframework.beans.factory.support.DefaultSingletonBeanRegistry.getSingleton(DefaultSingletonBeanRegistry.java:230)
	at org.springframework.beans.factory.support.AbstractBeanFactory.doGetBean(AbstractBeanFactory.java:302)
	at org.springframework.beans.factory.support.AbstractBeanFactory.getBean(AbstractBeanFactory.java:197)
	at org.springframework.beans.factory.support.DefaultListableBeanFactory.preInstantiateSingletons(DefaultListableBeanFactory.java:761)
	at org.springframework.context.support.AbstractApplicationContext.finishBeanFactoryInitialization(AbstractApplicationContext.java:866)
	at org.springframework.context.support.AbstractApplicationContext.refresh(AbstractApplicationContext.java:542)
	at org.springframework.web.context.ContextLoader.configureAndRefreshWebApplicationContext(ContextLoader.java:443)
	at org.springframework.web.context.ContextLoader.initWebApplicationContext(ContextLoader.java:325)
	at org.springframework.web.context.ContextLoaderListener.contextInitialized(ContextLoaderListener.java:107)
	at org.apache.catalina.core.StandardContext.listenerStart(StandardContext.java:4754)
	at org.apache.catalina.core.StandardContext.startInternal(StandardContext.java:5216)
	at org.apache.catalina.util.LifecycleBase.start(LifecycleBase.java:150)
	at org.apache.catalina.core.ContainerBase.addChildInternal(ContainerBase.java:752)
	at org.apache.catalina.core.ContainerBase.addChild(ContainerBase.java:728)
	at org.apache.catalina.core.StandardHost.addChild(StandardHost.java:734)
	at org.apache.catalina.startup.HostConfig.manageApp(HostConfig.java:1702)
	at sun.reflect.NativeMethodAccessorImpl.invoke0(Native Method)
	at sun.reflect.NativeMethodAccessorImpl.invoke(NativeMethodAccessorImpl.java:62)
	at sun.reflect.DelegatingMethodAccessorImpl.invoke(DelegatingMethodAccessorImpl.java:43)
	at java.lang.reflect.Method.invoke(Method.java:483)
	at org.apache.tomcat.util.modeler.BaseModelMBean.invoke(BaseModelMBean.java:300)
	at com.sun.jmx.interceptor.DefaultMBeanServerInterceptor.invoke(DefaultMBeanServerInterceptor.java:819)
	at com.sun.jmx.mbeanserver.JmxMBeanServer.invoke(JmxMBeanServer.java:801)
	at org.apache.catalina.mbeans.MBeanFactory.createStandardContext(MBeanFactory.java:482)
	at org.apache.catalina.mbeans.MBeanFactory.createStandardContext(MBeanFactory.java:431)
	at sun.reflect.NativeMethodAccessorImpl.invoke0(Native Method)
	at sun.reflect.NativeMethodAccessorImpl.invoke(NativeMethodAccessorImpl.java:62)
	at sun.reflect.DelegatingMethodAccessorImpl.invoke(DelegatingMethodAccessorImpl.java:43)
	at java.lang.reflect.Method.invoke(Method.java:483)
	at org.apache.tomcat.util.modeler.BaseModelMBean.invoke(BaseModelMBean.java:300)
	at com.sun.jmx.interceptor.DefaultMBeanServerInterceptor.invoke(DefaultMBeanServerInterceptor.java:819)
	at com.sun.jmx.mbeanserver.JmxMBeanServer.invoke(JmxMBeanServer.java:801)
	at javax.management.remote.rmi.RMIConnectionImpl.doOperation(RMIConnectionImpl.java:1466)
	at javax.management.remote.rmi.RMIConnectionImpl.access$300(RMIConnectionImpl.java:76)
	at javax.management.remote.rmi.RMIConnectionImpl$PrivilegedOperation.run(RMIConnectionImpl.java:1307)
	at javax.management.remote.rmi.RMIConnectionImpl.doPrivilegedOperation(RMIConnectionImpl.java:1399)
	at javax.management.remote.rmi.RMIConnectionImpl.invoke(RMIConnectionImpl.java:828)
	at sun.reflect.NativeMethodAccessorImpl.invoke0(Native Method)
	at sun.reflect.NativeMethodAccessorImpl.invoke(NativeMethodAccessorImpl.java:62)
	at sun.reflect.DelegatingMethodAccessorImpl.invoke(DelegatingMethodAccessorImpl.java:43)
	at java.lang.reflect.Method.invoke(Method.java:483)
	at sun.rmi.server.UnicastServerRef.dispatch(UnicastServerRef.java:323)
	at sun.rmi.transport.Transport$1.run(Transport.java:200)
	at sun.rmi.transport.Transport$1.run(Transport.java:197)
	at java.security.AccessController.doPrivileged(Native Method)
	at sun.rmi.transport.Transport.serviceCall(Transport.java:196)
	at sun.rmi.transport.tcp.TCPTransport.handleMessages(TCPTransport.java:568)
	at sun.rmi.transport.tcp.TCPTransport$ConnectionHandler.run0(TCPTransport.java:826)
	at sun.rmi.transport.tcp.TCPTransport$ConnectionHandler.lambda$run$240(TCPTransport.java:683)
	at sun.rmi.transport.tcp.TCPTransport$ConnectionHandler$$Lambda$2/490582638.run(Unknown Source)
	at java.security.AccessController.doPrivileged(Native Method)
	at sun.rmi.transport.tcp.TCPTransport$ConnectionHandler.run(TCPTransport.java:682)
	at java.util.concurrent.ThreadPoolExecutor.runWorker(ThreadPoolExecutor.java:1142)
	at java.util.concurrent.ThreadPoolExecutor$Worker.run(ThreadPoolExecutor.java:617)
	at java.lang.Thread.run(Thread.java:745)
Caused by: org.springframework.beans.factory.BeanCreationException: Error creating bean with name 'frontUserMapper' defined in file [D:\idea\apache-tomcat-8.5.12-windows-x64\apache-tomcat-8.5.12\webapps\ROOT\WEB-INF\classes\com\informationstorm\admin\dao\FrontUserMapper.class]: Cannot resolve reference to bean 'sqlSessionFactory' while setting bean property 'sqlSessionFactory'; nested exception is org.springframework.beans.factory.BeanCreationException: Error creating bean with name 'sqlSessionFactory' defined in class path resource [spring/spring-mybatis.xml]: Initialization of bean failed; nested exception is org.springframework.beans.TypeMismatchException: Failed to convert property value of type 'java.lang.String' to required type 'org.springframework.core.io.Resource[]' for property 'mapperLocations'; nested exception is java.lang.IllegalArgumentException: Could not resolve resource location pattern [com/informationstorm/admin/mapping/*.xml]: ServletContext resource [/com/informationstorm/admin/mapping/] cannot be resolved to URL because it does not exist
	at org.springframework.beans.factory.support.BeanDefinitionValueResolver.resolveReference(BeanDefinitionValueResolver.java:359)
	at org.springframework.beans.factory.support.BeanDefinitionValueResolver.resolveValueIfNecessary(BeanDefinitionValueResolver.java:108)
	at org.springframework.beans.factory.support.AbstractAutowireCapableBeanFactory.applyPropertyValues(AbstractAutowireCapableBeanFactory.java:1531)
	at org.springframework.beans.factory.support.AbstractAutowireCapableBeanFactory.populateBean(AbstractAutowireCapableBeanFactory.java:1276)
	at org.springframework.beans.factory.support.AbstractAutowireCapableBeanFactory.doCreateBean(AbstractAutowireCapableBeanFactory.java:553)
	at org.springframework.beans.factory.support.AbstractAutowireCapableBeanFactory.createBean(AbstractAutowireCapableBeanFactory.java:483)
	at org.springframework.beans.factory.support.AbstractBeanFactory$1.getObject(AbstractBeanFactory.java:306)
	at org.springframework.beans.factory.support.DefaultSingletonBeanRegistry.getSingleton(DefaultSingletonBeanRegistry.java:230)
	at org.springframework.beans.factory.support.AbstractBeanFactory.doGetBean(AbstractBeanFactory.java:302)
	at org.springframework.beans.factory.support.AbstractBeanFactory.getBean(AbstractBeanFactory.java:202)
	at org.springframework.beans.factory.config.DependencyDescriptor.resolveCandidate(DependencyDescriptor.java:208)
	at org.springframework.beans.factory.support.DefaultListableBeanFactory.doResolveDependency(DefaultListableBeanFactory.java:1138)
	at org.springframework.beans.factory.support.DefaultListableBeanFactory.resolveDependency(DefaultListableBeanFactory.java:1066)
	at org.springframework.beans.factory.annotation.AutowiredAnnotationBeanPostProcessor$AutowiredFieldElement.inject(AutowiredAnnotationBeanPostProcessor.java:585)
	... 61 more
Caused by: org.springframework.beans.factory.BeanCreationException: Error creating bean with name 'sqlSessionFactory' defined in class path resource [spring/spring-mybatis.xml]: Initialization of bean failed; nested exception is org.springframework.beans.TypeMismatchException: Failed to convert property value of type 'java.lang.String' to required type 'org.springframework.core.io.Resource[]' for property 'mapperLocations'; nested exception is java.lang.IllegalArgumentException: Could not resolve resource location pattern [com/informationstorm/admin/mapping/*.xml]: ServletContext resource [/com/informationstorm/admin/mapping/] cannot be resolved to URL because it does not exist
	at org.springframework.beans.factory.support.AbstractAutowireCapableBeanFactory.doCreateBean(AbstractAutowireCapableBeanFactory.java:564)
	at org.springframework.beans.factory.support.AbstractAutowireCapableBeanFactory.createBean(AbstractAutowireCapableBeanFactory.java:483)
	at org.springframework.beans.factory.support.AbstractBeanFactory$1.getObject(AbstractBeanFactory.java:306)
	at org.springframework.beans.factory.support.DefaultSingletonBeanRegistry.getSingleton(DefaultSingletonBeanRegistry.java:230)
	at org.springframework.beans.factory.support.AbstractBeanFactory.doGetBean(AbstractBeanFactory.java:302)
	at org.springframework.beans.factory.support.AbstractBeanFactory.getBean(AbstractBeanFactory.java:197)
	at org.springframework.beans.factory.support.BeanDefinitionValueResolver.resolveReference(BeanDefinitionValueResolver.java:351)
	... 74 more
Caused by: org.springframework.beans.TypeMismatchException: Failed to convert property value of type 'java.lang.String' to required type 'org.springframework.core.io.Resource[]' for property 'mapperLocations'; nested exception is java.lang.IllegalArgumentException: Could not resolve resource location pattern [com/informationstorm/admin/mapping/*.xml]: ServletContext resource [/com/informationstorm/admin/mapping/] cannot be resolved to URL because it does not exist
	at org.springframework.beans.AbstractNestablePropertyAccessor.convertIfNecessary(AbstractNestablePropertyAccessor.java:610)
	at org.springframework.beans.AbstractNestablePropertyAccessor.convertForProperty(AbstractNestablePropertyAccessor.java:617)
	at org.springframework.beans.BeanWrapperImpl.convertForProperty(BeanWrapperImpl.java:216)
	at org.springframework.beans.factory.support.AbstractAutowireCapableBeanFactory.convertForProperty(AbstractAutowireCapableBeanFactory.java:1577)
	at org.springframework.beans.factory.support.AbstractAutowireCapableBeanFactory.applyPropertyValues(AbstractAutowireCapableBeanFactory.java:1536)
	at org.springframework.beans.factory.support.AbstractAutowireCapableBeanFactory.populateBean(AbstractAutowireCapableBeanFactory.java:1276)
	at org.springframework.beans.factory.support.AbstractAutowireCapableBeanFactory.doCreateBean(AbstractAutowireCapableBeanFactory.java:553)
	... 80 more
Caused by: java.lang.IllegalArgumentException: Could not resolve resource location pattern [com/informationstorm/admin/mapping/*.xml]: ServletContext resource [/com/informationstorm/admin/mapping/] cannot be resolved to URL because it does not exist
	at org.springframework.core.io.support.ResourceArrayPropertyEditor.setAsText(ResourceArrayPropertyEditor.java:116)
	at org.springframework.beans.TypeConverterDelegate.doConvertTextValue(TypeConverterDelegate.java:468)
	at org.springframework.beans.TypeConverterDelegate.doConvertValue(TypeConverterDelegate.java:441)
	at org.springframework.beans.TypeConverterDelegate.convertIfNecessary(TypeConverterDelegate.java:199)
	at org.springframework.beans.AbstractNestablePropertyAccessor.convertIfNecessary(AbstractNestablePropertyAccessor.java:590)
	... 86 more
[INFO] [2017-03-17 19:58:38][org.springframework.web.context.ContextLoader]Root WebApplicationContext: initialization started
[INFO] [2017-03-17 19:58:38][org.springframework.web.context.support.XmlWebApplicationContext]Refreshing Root WebApplicationContext: startup date [Fri Mar 17 19:58:38 CST 2017]; root of context hierarchy
[INFO] [2017-03-17 19:58:38][org.springframework.beans.factory.xml.XmlBeanDefinitionReader]Loading XML bean definitions from class path resource [spring/spring-mybatis.xml]
[INFO] [2017-03-17 19:58:39][org.springframework.web.context.ContextLoader]Root WebApplicationContext: initialization completed in 1477 ms
[INFO] [2017-03-17 19:58:39][org.springframework.web.servlet.DispatcherServlet]FrameworkServlet 'SpringMVC': initialization started
[INFO] [2017-03-17 19:58:39][org.springframework.web.context.support.XmlWebApplicationContext]Refreshing WebApplicationContext for namespace 'SpringMVC-servlet': startup date [Fri Mar 17 19:58:39 CST 2017]; parent: Root WebApplicationContext
[INFO] [2017-03-17 19:58:39][org.springframework.beans.factory.xml.XmlBeanDefinitionReader]Loading XML bean definitions from class path resource [spring/spring-mvc.xml]
[INFO] [2017-03-17 19:58:40][org.springframework.web.servlet.DispatcherServlet]FrameworkServlet 'SpringMVC': initialization completed in 392 ms
[WARN] [2017-03-17 19:58:41][org.springframework.web.servlet.PageNotFound]No mapping found for HTTP request with URI [/favicon.ico] in DispatcherServlet with name 'SpringMVC'
[INFO] [2017-03-17 19:59:51][org.springframework.web.context.support.XmlWebApplicationContext]Closing WebApplicationContext for namespace 'SpringMVC-servlet': startup date [Fri Mar 17 19:58:39 CST 2017]; parent: Root WebApplicationContext
[INFO] [2017-03-17 19:59:51][org.springframework.web.context.support.XmlWebApplicationContext]Closing Root WebApplicationContext: startup date [Fri Mar 17 19:58:38 CST 2017]; root of context hierarchy
[INFO] [2017-03-17 20:00:03][org.springframework.web.context.ContextLoader]Root WebApplicationContext: initialization started
[INFO] [2017-03-17 20:00:03][org.springframework.web.context.support.XmlWebApplicationContext]Refreshing Root WebApplicationContext: startup date [Fri Mar 17 20:00:03 CST 2017]; root of context hierarchy
[INFO] [2017-03-17 20:00:03][org.springframework.beans.factory.xml.XmlBeanDefinitionReader]Loading XML bean definitions from class path resource [spring/spring-mybatis.xml]
[INFO] [2017-03-17 20:00:04][org.springframework.web.context.ContextLoader]Root WebApplicationContext: initialization completed in 1497 ms
[INFO] [2017-03-17 20:00:04][org.springframework.web.servlet.DispatcherServlet]FrameworkServlet 'SpringMVC': initialization started
[INFO] [2017-03-17 20:00:04][org.springframework.web.context.support.XmlWebApplicationContext]Refreshing WebApplicationContext for namespace 'SpringMVC-servlet': startup date [Fri Mar 17 20:00:04 CST 2017]; parent: Root WebApplicationContext
[INFO] [2017-03-17 20:00:04][org.springframework.beans.factory.xml.XmlBeanDefinitionReader]Loading XML bean definitions from class path resource [spring/spring-mvc.xml]
[INFO] [2017-03-17 20:00:05][org.springframework.web.servlet.DispatcherServlet]FrameworkServlet 'SpringMVC': initialization completed in 405 ms
[INFO] [2017-03-17 20:00:11][org.springframework.web.context.support.XmlWebApplicationContext]Closing WebApplicationContext for namespace 'SpringMVC-servlet': startup date [Fri Mar 17 20:00:04 CST 2017]; parent: Root WebApplicationContext
[INFO] [2017-03-17 20:00:11][org.springframework.web.context.support.XmlWebApplicationContext]Closing Root WebApplicationContext: startup date [Fri Mar 17 20:00:03 CST 2017]; root of context hierarchy
[INFO] [2017-03-17 20:13:14][org.springframework.web.context.ContextLoader]Root WebApplicationContext: initialization started
[INFO] [2017-03-17 20:13:14][org.springframework.web.context.support.XmlWebApplicationContext]Refreshing Root WebApplicationContext: startup date [Fri Mar 17 20:13:14 CST 2017]; root of context hierarchy
[INFO] [2017-03-17 20:13:14][org.springframework.beans.factory.xml.XmlBeanDefinitionReader]Loading XML bean definitions from class path resource [spring/spring-mybatis.xml]
[INFO] [2017-03-17 20:13:15][org.springframework.web.context.ContextLoader]Root WebApplicationContext: initialization completed in 1520 ms
[INFO] [2017-03-17 20:13:15][org.springframework.web.servlet.DispatcherServlet]FrameworkServlet 'SpringMVC': initialization started
[INFO] [2017-03-17 20:13:15][org.springframework.web.context.support.XmlWebApplicationContext]Refreshing WebApplicationContext for namespace 'SpringMVC-servlet': startup date [Fri Mar 17 20:13:15 CST 2017]; parent: Root WebApplicationContext
[INFO] [2017-03-17 20:13:15][org.springframework.beans.factory.xml.XmlBeanDefinitionReader]Loading XML bean definitions from class path resource [spring/spring-mvc.xml]
[WARN] [2017-03-17 20:13:15][org.springframework.web.context.support.XmlWebApplicationContext]Exception encountered during context initialization - cancelling refresh attempt: org.springframework.beans.factory.BeanCreationException: Error creating bean with name 'mappingJackson2HttpMessageConverter': Failed to introspect bean class [org.springframework.http.converter.json.MappingJackson2HttpMessageConverter] for lookup method metadata: could not find class that it depends on; nested exception is java.lang.NoClassDefFoundError: com/fasterxml/jackson/core/util/DefaultPrettyPrinter$Indenter
[ERROR] [2017-03-17 20:13:15][org.springframework.web.servlet.DispatcherServlet]Context initialization failed
org.springframework.beans.factory.BeanCreationException: Error creating bean with name 'mappingJackson2HttpMessageConverter': Failed to introspect bean class [org.springframework.http.converter.json.MappingJackson2HttpMessageConverter] for lookup method metadata: could not find class that it depends on; nested exception is java.lang.NoClassDefFoundError: com/fasterxml/jackson/core/util/DefaultPrettyPrinter$Indenter
	at org.springframework.beans.factory.annotation.AutowiredAnnotationBeanPostProcessor.determineCandidateConstructors(AutowiredAnnotationBeanPostProcessor.java:269)
	at org.springframework.beans.factory.support.AbstractAutowireCapableBeanFactory.determineConstructorsFromBeanPostProcessors(AbstractAutowireCapableBeanFactory.java:1118)
	at org.springframework.beans.factory.support.AbstractAutowireCapableBeanFactory.createBeanInstance(AbstractAutowireCapableBeanFactory.java:1091)
	at org.springframework.beans.factory.support.AbstractAutowireCapableBeanFactory.doCreateBean(AbstractAutowireCapableBeanFactory.java:513)
	at org.springframework.beans.factory.support.AbstractAutowireCapableBeanFactory.createBean(AbstractAutowireCapableBeanFactory.java:483)
	at org.springframework.beans.factory.support.AbstractBeanFactory$1.getObject(AbstractBeanFactory.java:306)
	at org.springframework.beans.factory.support.DefaultSingletonBeanRegistry.getSingleton(DefaultSingletonBeanRegistry.java:230)
	at org.springframework.beans.factory.support.AbstractBeanFactory.doGetBean(AbstractBeanFactory.java:302)
	at org.springframework.beans.factory.support.AbstractBeanFactory.getBean(AbstractBeanFactory.java:197)
	at org.springframework.beans.factory.support.DefaultListableBeanFactory.preInstantiateSingletons(DefaultListableBeanFactory.java:761)
	at org.springframework.context.support.AbstractApplicationContext.finishBeanFactoryInitialization(AbstractApplicationContext.java:866)
	at org.springframework.context.support.AbstractApplicationContext.refresh(AbstractApplicationContext.java:542)
	at org.springframework.web.servlet.FrameworkServlet.configureAndRefreshWebApplicationContext(FrameworkServlet.java:668)
	at org.springframework.web.servlet.FrameworkServlet.createWebApplicationContext(FrameworkServlet.java:634)
	at org.springframework.web.servlet.FrameworkServlet.createWebApplicationContext(FrameworkServlet.java:682)
	at org.springframework.web.servlet.FrameworkServlet.initWebApplicationContext(FrameworkServlet.java:553)
	at org.springframework.web.servlet.FrameworkServlet.initServletBean(FrameworkServlet.java:494)
	at org.springframework.web.servlet.HttpServletBean.init(HttpServletBean.java:138)
	at javax.servlet.GenericServlet.init(GenericServlet.java:158)
	at org.apache.catalina.core.StandardWrapper.initServlet(StandardWrapper.java:1183)
	at org.apache.catalina.core.StandardWrapper.loadServlet(StandardWrapper.java:1099)
	at org.apache.catalina.core.StandardWrapper.load(StandardWrapper.java:989)
	at org.apache.catalina.core.StandardContext.loadOnStartup(StandardContext.java:4940)
	at org.apache.catalina.core.StandardContext.startInternal(StandardContext.java:5250)
	at org.apache.catalina.util.LifecycleBase.start(LifecycleBase.java:150)
	at org.apache.catalina.core.ContainerBase.addChildInternal(ContainerBase.java:752)
	at org.apache.catalina.core.ContainerBase.addChild(ContainerBase.java:728)
	at org.apache.catalina.core.StandardHost.addChild(StandardHost.java:734)
	at org.apache.catalina.startup.HostConfig.manageApp(HostConfig.java:1702)
	at sun.reflect.NativeMethodAccessorImpl.invoke0(Native Method)
	at sun.reflect.NativeMethodAccessorImpl.invoke(NativeMethodAccessorImpl.java:62)
	at sun.reflect.DelegatingMethodAccessorImpl.invoke(DelegatingMethodAccessorImpl.java:43)
	at java.lang.reflect.Method.invoke(Method.java:483)
	at org.apache.tomcat.util.modeler.BaseModelMBean.invoke(BaseModelMBean.java:300)
	at com.sun.jmx.interceptor.DefaultMBeanServerInterceptor.invoke(DefaultMBeanServerInterceptor.java:819)
	at com.sun.jmx.mbeanserver.JmxMBeanServer.invoke(JmxMBeanServer.java:801)
	at org.apache.catalina.mbeans.MBeanFactory.createStandardContext(MBeanFactory.java:482)
	at org.apache.catalina.mbeans.MBeanFactory.createStandardContext(MBeanFactory.java:431)
	at sun.reflect.NativeMethodAccessorImpl.invoke0(Native Method)
	at sun.reflect.NativeMethodAccessorImpl.invoke(NativeMethodAccessorImpl.java:62)
	at sun.reflect.DelegatingMethodAccessorImpl.invoke(DelegatingMethodAccessorImpl.java:43)
	at java.lang.reflect.Method.invoke(Method.java:483)
	at org.apache.tomcat.util.modeler.BaseModelMBean.invoke(BaseModelMBean.java:300)
	at com.sun.jmx.interceptor.DefaultMBeanServerInterceptor.invoke(DefaultMBeanServerInterceptor.java:819)
	at com.sun.jmx.mbeanserver.JmxMBeanServer.invoke(JmxMBeanServer.java:801)
	at javax.management.remote.rmi.RMIConnectionImpl.doOperation(RMIConnectionImpl.java:1466)
	at javax.management.remote.rmi.RMIConnectionImpl.access$300(RMIConnectionImpl.java:76)
	at javax.management.remote.rmi.RMIConnectionImpl$PrivilegedOperation.run(RMIConnectionImpl.java:1307)
	at javax.management.remote.rmi.RMIConnectionImpl.doPrivilegedOperation(RMIConnectionImpl.java:1399)
	at javax.management.remote.rmi.RMIConnectionImpl.invoke(RMIConnectionImpl.java:828)
	at sun.reflect.NativeMethodAccessorImpl.invoke0(Native Method)
	at sun.reflect.NativeMethodAccessorImpl.invoke(NativeMethodAccessorImpl.java:62)
	at sun.reflect.DelegatingMethodAccessorImpl.invoke(DelegatingMethodAccessorImpl.java:43)
	at java.lang.reflect.Method.invoke(Method.java:483)
	at sun.rmi.server.UnicastServerRef.dispatch(UnicastServerRef.java:323)
	at sun.rmi.transport.Transport$1.run(Transport.java:200)
	at sun.rmi.transport.Transport$1.run(Transport.java:197)
	at java.security.AccessController.doPrivileged(Native Method)
	at sun.rmi.transport.Transport.serviceCall(Transport.java:196)
	at sun.rmi.transport.tcp.TCPTransport.handleMessages(TCPTransport.java:568)
	at sun.rmi.transport.tcp.TCPTransport$ConnectionHandler.run0(TCPTransport.java:826)
	at sun.rmi.transport.tcp.TCPTransport$ConnectionHandler.lambda$run$240(TCPTransport.java:683)
	at sun.rmi.transport.tcp.TCPTransport$ConnectionHandler$$Lambda$1/1771112731.run(Unknown Source)
	at java.security.AccessController.doPrivileged(Native Method)
	at sun.rmi.transport.tcp.TCPTransport$ConnectionHandler.run(TCPTransport.java:682)
	at java.util.concurrent.ThreadPoolExecutor.runWorker(ThreadPoolExecutor.java:1142)
	at java.util.concurrent.ThreadPoolExecutor$Worker.run(ThreadPoolExecutor.java:617)
	at java.lang.Thread.run(Thread.java:745)
Caused by: java.lang.NoClassDefFoundError: com/fasterxml/jackson/core/util/DefaultPrettyPrinter$Indenter
	at java.lang.Class.getDeclaredMethods0(Native Method)
	at java.lang.Class.privateGetDeclaredMethods(Class.java:2693)
	at java.lang.Class.getDeclaredMethods(Class.java:1967)
	at org.springframework.util.ReflectionUtils.getDeclaredMethods(ReflectionUtils.java:613)
	at org.springframework.util.ReflectionUtils.doWithMethods(ReflectionUtils.java:524)
	at org.springframework.util.ReflectionUtils.doWithMethods(ReflectionUtils.java:510)
	at org.springframework.beans.factory.annotation.AutowiredAnnotationBeanPostProcessor.determineCandidateConstructors(AutowiredAnnotationBeanPostProcessor.java:247)
	... 67 more
Caused by: java.lang.ClassNotFoundException: com.fasterxml.jackson.core.util.DefaultPrettyPrinter$Indenter
	at org.apache.catalina.loader.WebappClassLoaderBase.loadClass(WebappClassLoaderBase.java:1285)
	at org.apache.catalina.loader.WebappClassLoaderBase.loadClass(WebappClassLoaderBase.java:1119)
	... 74 more
[INFO] [2017-03-17 20:18:38][org.springframework.web.context.support.XmlWebApplicationContext]Closing Root WebApplicationContext: startup date [Fri Mar 17 20:13:14 CST 2017]; root of context hierarchy
[INFO] [2017-03-17 20:18:50][org.springframework.web.context.ContextLoader]Root WebApplicationContext: initialization started
[INFO] [2017-03-17 20:18:50][org.springframework.web.context.support.XmlWebApplicationContext]Refreshing Root WebApplicationContext: startup date [Fri Mar 17 20:18:50 CST 2017]; root of context hierarchy
[INFO] [2017-03-17 20:18:51][org.springframework.beans.factory.xml.XmlBeanDefinitionReader]Loading XML bean definitions from class path resource [spring/spring-mybatis.xml]
[INFO] [2017-03-17 20:18:52][org.springframework.web.context.ContextLoader]Root WebApplicationContext: initialization completed in 1507 ms
[INFO] [2017-03-17 20:18:52][org.springframework.web.servlet.DispatcherServlet]FrameworkServlet 'SpringMVC': initialization started
[INFO] [2017-03-17 20:18:52][org.springframework.web.context.support.XmlWebApplicationContext]Refreshing WebApplicationContext for namespace 'SpringMVC-servlet': startup date [Fri Mar 17 20:18:52 CST 2017]; parent: Root WebApplicationContext
[INFO] [2017-03-17 20:18:52][org.springframework.beans.factory.xml.XmlBeanDefinitionReader]Loading XML bean definitions from class path resource [spring/spring-mvc.xml]
[INFO] [2017-03-17 20:18:52][org.springframework.web.servlet.DispatcherServlet]FrameworkServlet 'SpringMVC': initialization completed in 366 ms
[INFO] [2017-03-17 20:20:21][org.springframework.web.context.support.XmlWebApplicationContext]Closing WebApplicationContext for namespace 'SpringMVC-servlet': startup date [Fri Mar 17 20:18:52 CST 2017]; parent: Root WebApplicationContext
[INFO] [2017-03-17 20:20:21][org.springframework.web.context.support.XmlWebApplicationContext]Closing Root WebApplicationContext: startup date [Fri Mar 17 20:18:50 CST 2017]; root of context hierarchy
[INFO] [2017-03-20 15:01:15][org.springframework.web.context.ContextLoader]Root WebApplicationContext: initialization started
[INFO] [2017-03-20 15:01:15][org.springframework.web.context.support.XmlWebApplicationContext]Refreshing Root WebApplicationContext: startup date [Mon Mar 20 15:01:15 CST 2017]; root of context hierarchy
[INFO] [2017-03-20 15:01:15][org.springframework.beans.factory.xml.XmlBeanDefinitionReader]Loading XML bean definitions from class path resource [spring/spring-mybatis.xml]
[INFO] [2017-03-20 15:01:17][org.springframework.web.context.ContextLoader]Root WebApplicationContext: initialization completed in 1359 ms
[INFO] [2017-03-20 15:01:17][org.springframework.web.servlet.DispatcherServlet]FrameworkServlet 'SpringMVC': initialization started
[INFO] [2017-03-20 15:01:17][org.springframework.web.context.support.XmlWebApplicationContext]Refreshing WebApplicationContext for namespace 'SpringMVC-servlet': startup date [Mon Mar 20 15:01:17 CST 2017]; parent: Root WebApplicationContext
[INFO] [2017-03-20 15:01:17][org.springframework.beans.factory.xml.XmlBeanDefinitionReader]Loading XML bean definitions from class path resource [spring/spring-mvc.xml]
[INFO] [2017-03-20 15:01:17][org.springframework.web.servlet.handler.SimpleUrlHandlerMapping]Root mapping to handler of type [class org.springframework.web.servlet.mvc.ParameterizableViewController]
[WARN] [2017-03-20 15:01:17][org.thymeleaf.templatemode.TemplateMode][THYMELEAF][RMI TCP Connection(4)-127.0.0.1] Template Mode 'HTML5' is deprecated. Using Template Mode 'HTML' instead.
[INFO] [2017-03-20 15:01:17][org.springframework.web.servlet.DispatcherServlet]FrameworkServlet 'SpringMVC': initialization completed in 578 ms
[INFO] [2017-03-20 15:04:03][org.springframework.web.context.support.XmlWebApplicationContext]Closing WebApplicationContext for namespace 'SpringMVC-servlet': startup date [Mon Mar 20 15:01:17 CST 2017]; parent: Root WebApplicationContext
[INFO] [2017-03-20 15:04:03][org.springframework.web.context.support.XmlWebApplicationContext]Closing Root WebApplicationContext: startup date [Mon Mar 20 15:01:15 CST 2017]; root of context hierarchy
[INFO] [2017-03-20 15:04:16][org.springframework.web.context.ContextLoader]Root WebApplicationContext: initialization started
[INFO] [2017-03-20 15:04:16][org.springframework.web.context.support.XmlWebApplicationContext]Refreshing Root WebApplicationContext: startup date [Mon Mar 20 15:04:16 CST 2017]; root of context hierarchy
[INFO] [2017-03-20 15:04:16][org.springframework.beans.factory.xml.XmlBeanDefinitionReader]Loading XML bean definitions from class path resource [spring/spring-mybatis.xml]
[INFO] [2017-03-20 15:04:18][org.springframework.web.context.ContextLoader]Root WebApplicationContext: initialization completed in 1599 ms
[INFO] [2017-03-20 15:04:18][org.springframework.web.servlet.DispatcherServlet]FrameworkServlet 'SpringMVC': initialization started
[INFO] [2017-03-20 15:04:18][org.springframework.web.context.support.XmlWebApplicationContext]Refreshing WebApplicationContext for namespace 'SpringMVC-servlet': startup date [Mon Mar 20 15:04:18 CST 2017]; parent: Root WebApplicationContext
[INFO] [2017-03-20 15:04:18][org.springframework.beans.factory.xml.XmlBeanDefinitionReader]Loading XML bean definitions from class path resource [spring/spring-mvc.xml]
[INFO] [2017-03-20 15:04:18][org.springframework.web.servlet.handler.SimpleUrlHandlerMapping]Root mapping to handler of type [class org.springframework.web.servlet.mvc.ParameterizableViewController]
[WARN] [2017-03-20 15:04:18][org.thymeleaf.templatemode.TemplateMode][THYMELEAF][RMI TCP Connection(3)-127.0.0.1] Template Mode 'HTML5' is deprecated. Using Template Mode 'HTML' instead.
[INFO] [2017-03-20 15:04:18][org.springframework.web.servlet.DispatcherServlet]FrameworkServlet 'SpringMVC': initialization completed in 497 ms
[INFO] [2017-03-20 15:19:42][org.springframework.web.context.support.XmlWebApplicationContext]Closing WebApplicationContext for namespace 'SpringMVC-servlet': startup date [Mon Mar 20 15:04:18 CST 2017]; parent: Root WebApplicationContext
[INFO] [2017-03-20 15:19:42][org.springframework.web.context.support.XmlWebApplicationContext]Closing Root WebApplicationContext: startup date [Mon Mar 20 15:04:16 CST 2017]; root of context hierarchy
[INFO] [2017-03-20 16:19:34][org.springframework.web.context.ContextLoader]Root WebApplicationContext: initialization started
[INFO] [2017-03-20 16:19:34][org.springframework.web.context.support.XmlWebApplicationContext]Refreshing Root WebApplicationContext: startup date [Mon Mar 20 16:19:34 CST 2017]; root of context hierarchy
[INFO] [2017-03-20 16:19:34][org.springframework.beans.factory.xml.XmlBeanDefinitionReader]Loading XML bean definitions from class path resource [spring/spring-mybatis.xml]
[INFO] [2017-03-20 16:19:35][org.springframework.web.context.ContextLoader]Root WebApplicationContext: initialization completed in 1329 ms
[INFO] [2017-03-20 16:19:35][org.springframework.web.servlet.DispatcherServlet]FrameworkServlet 'SpringMVC': initialization started
[INFO] [2017-03-20 16:19:35][org.springframework.web.context.support.XmlWebApplicationContext]Refreshing WebApplicationContext for namespace 'SpringMVC-servlet': startup date [Mon Mar 20 16:19:35 CST 2017]; parent: Root WebApplicationContext
[INFO] [2017-03-20 16:19:35][org.springframework.beans.factory.xml.XmlBeanDefinitionReader]Loading XML bean definitions from class path resource [spring/spring-mvc.xml]
[INFO] [2017-03-20 16:19:36][org.springframework.web.servlet.DispatcherServlet]FrameworkServlet 'SpringMVC': initialization completed in 349 ms
[WARN] [2017-03-20 16:19:36][org.springframework.web.servlet.PageNotFound]No mapping found for HTTP request with URI [/] in DispatcherServlet with name 'SpringMVC'
[WARN] [2017-03-20 16:19:36][org.springframework.web.servlet.PageNotFound]No mapping found for HTTP request with URI [/] in DispatcherServlet with name 'SpringMVC'
[WARN] [2017-03-20 16:19:36][org.springframework.web.servlet.PageNotFound]No mapping found for HTTP request with URI [/] in DispatcherServlet with name 'SpringMVC'
[INFO] [2017-03-20 16:19:56][org.springframework.web.context.support.XmlWebApplicationContext]Closing WebApplicationContext for namespace 'SpringMVC-servlet': startup date [Mon Mar 20 16:19:35 CST 2017]; parent: Root WebApplicationContext
[INFO] [2017-03-20 16:19:56][org.springframework.web.context.support.XmlWebApplicationContext]Closing Root WebApplicationContext: startup date [Mon Mar 20 16:19:34 CST 2017]; root of context hierarchy
[INFO] [2017-03-20 16:20:08][org.springframework.web.context.ContextLoader]Root WebApplicationContext: initialization started
[INFO] [2017-03-20 16:20:08][org.springframework.web.context.support.XmlWebApplicationContext]Refreshing Root WebApplicationContext: startup date [Mon Mar 20 16:20:08 CST 2017]; root of context hierarchy
[INFO] [2017-03-20 16:20:09][org.springframework.beans.factory.xml.XmlBeanDefinitionReader]Loading XML bean definitions from class path resource [spring/spring-mybatis.xml]
[INFO] [2017-03-20 16:20:10][org.springframework.web.context.ContextLoader]Root WebApplicationContext: initialization completed in 1521 ms
[INFO] [2017-03-20 16:20:10][org.springframework.web.servlet.DispatcherServlet]FrameworkServlet 'SpringMVC': initialization started
[INFO] [2017-03-20 16:20:10][org.springframework.web.context.support.XmlWebApplicationContext]Refreshing WebApplicationContext for namespace 'SpringMVC-servlet': startup date [Mon Mar 20 16:20:10 CST 2017]; parent: Root WebApplicationContext
[INFO] [2017-03-20 16:20:10][org.springframework.beans.factory.xml.XmlBeanDefinitionReader]Loading XML bean definitions from class path resource [spring/spring-mvc.xml]
[INFO] [2017-03-20 16:20:10][org.springframework.web.servlet.DispatcherServlet]FrameworkServlet 'SpringMVC': initialization completed in 380 ms
[WARN] [2017-03-20 16:20:11][org.springframework.web.servlet.PageNotFound]No mapping found for HTTP request with URI [/] in DispatcherServlet with name 'SpringMVC'
[WARN] [2017-03-20 16:20:11][org.springframework.web.servlet.PageNotFound]No mapping found for HTTP request with URI [/] in DispatcherServlet with name 'SpringMVC'
[WARN] [2017-03-20 16:20:11][org.springframework.web.servlet.PageNotFound]No mapping found for HTTP request with URI [/] in DispatcherServlet with name 'SpringMVC'
[INFO] [2017-03-20 16:20:48][org.springframework.web.context.support.XmlWebApplicationContext]Closing WebApplicationContext for namespace 'SpringMVC-servlet': startup date [Mon Mar 20 16:20:10 CST 2017]; parent: Root WebApplicationContext
[INFO] [2017-03-20 16:20:48][org.springframework.web.context.support.XmlWebApplicationContext]Closing Root WebApplicationContext: startup date [Mon Mar 20 16:20:08 CST 2017]; root of context hierarchy
[INFO] [2017-03-20 16:21:00][org.springframework.web.context.ContextLoader]Root WebApplicationContext: initialization started
[INFO] [2017-03-20 16:21:00][org.springframework.web.context.support.XmlWebApplicationContext]Refreshing Root WebApplicationContext: startup date [Mon Mar 20 16:21:00 CST 2017]; root of context hierarchy
[INFO] [2017-03-20 16:21:01][org.springframework.beans.factory.xml.XmlBeanDefinitionReader]Loading XML bean definitions from class path resource [spring/spring-mybatis.xml]
[INFO] [2017-03-20 16:21:02][org.springframework.web.context.ContextLoader]Root WebApplicationContext: initialization completed in 1718 ms
[INFO] [2017-03-20 16:21:02][org.springframework.web.servlet.DispatcherServlet]FrameworkServlet 'SpringMVC': initialization started
[INFO] [2017-03-20 16:21:02][org.springframework.web.context.support.XmlWebApplicationContext]Refreshing WebApplicationContext for namespace 'SpringMVC-servlet': startup date [Mon Mar 20 16:21:02 CST 2017]; parent: Root WebApplicationContext
[INFO] [2017-03-20 16:21:02][org.springframework.beans.factory.xml.XmlBeanDefinitionReader]Loading XML bean definitions from class path resource [spring/spring-mvc.xml]
[INFO] [2017-03-20 16:21:02][org.springframework.web.servlet.DispatcherServlet]FrameworkServlet 'SpringMVC': initialization completed in 352 ms
[INFO] [2017-03-20 19:19:57][org.springframework.web.context.support.XmlWebApplicationContext]Closing WebApplicationContext for namespace 'SpringMVC-servlet': startup date [Mon Mar 20 16:21:02 CST 2017]; parent: Root WebApplicationContext
[INFO] [2017-03-20 19:19:57][org.springframework.web.context.support.XmlWebApplicationContext]Closing Root WebApplicationContext: startup date [Mon Mar 20 16:21:00 CST 2017]; root of context hierarchy
[INFO] [2017-03-21 18:18:16][org.springframework.web.context.ContextLoader]Root WebApplicationContext: initialization started
[INFO] [2017-03-21 18:18:16][org.springframework.web.context.support.XmlWebApplicationContext]Refreshing Root WebApplicationContext: startup date [Tue Mar 21 18:18:16 CST 2017]; root of context hierarchy
[INFO] [2017-03-21 18:18:16][org.springframework.beans.factory.xml.XmlBeanDefinitionReader]Loading XML bean definitions from class path resource [spring/spring-mybatis.xml]
[INFO] [2017-03-21 18:18:17][org.springframework.web.context.ContextLoader]Root WebApplicationContext: initialization completed in 1172 ms
[INFO] [2017-03-21 18:18:17][org.springframework.web.servlet.DispatcherServlet]FrameworkServlet 'SpringMVC': initialization started
[INFO] [2017-03-21 18:18:17][org.springframework.web.context.support.XmlWebApplicationContext]Refreshing WebApplicationContext for namespace 'SpringMVC-servlet': startup date [Tue Mar 21 18:18:17 CST 2017]; parent: Root WebApplicationContext
[INFO] [2017-03-21 18:18:17][org.springframework.beans.factory.xml.XmlBeanDefinitionReader]Loading XML bean definitions from class path resource [spring/spring-mvc.xml]
[INFO] [2017-03-21 18:18:18][org.springframework.web.servlet.mvc.annotation.DefaultAnnotationHandlerMapping]Mapped URL path [/sysUser/login] onto handler 'userController'
[INFO] [2017-03-21 18:18:18][org.springframework.web.servlet.mvc.annotation.DefaultAnnotationHandlerMapping]Mapped URL path [/sysUser/login.*] onto handler 'userController'
[INFO] [2017-03-21 18:18:18][org.springframework.web.servlet.mvc.annotation.DefaultAnnotationHandlerMapping]Mapped URL path [/sysUser/login/] onto handler 'userController'
[INFO] [2017-03-21 18:18:18][org.springframework.web.servlet.DispatcherServlet]FrameworkServlet 'SpringMVC': initialization completed in 333 ms
[INFO] [2017-03-21 18:19:09][org.springframework.web.context.support.XmlWebApplicationContext]Closing WebApplicationContext for namespace 'SpringMVC-servlet': startup date [Tue Mar 21 18:18:17 CST 2017]; parent: Root WebApplicationContext
[INFO] [2017-03-21 18:19:09][org.springframework.web.context.support.XmlWebApplicationContext]Closing Root WebApplicationContext: startup date [Tue Mar 21 18:18:16 CST 2017]; root of context hierarchy
[INFO] [2017-03-21 18:37:50][org.springframework.web.context.ContextLoader]Root WebApplicationContext: initialization started
[INFO] [2017-03-21 18:37:50][org.springframework.web.context.support.XmlWebApplicationContext]Refreshing Root WebApplicationContext: startup date [Tue Mar 21 18:37:50 CST 2017]; root of context hierarchy
[INFO] [2017-03-21 18:37:50][org.springframework.beans.factory.xml.XmlBeanDefinitionReader]Loading XML bean definitions from class path resource [spring/spring-mybatis.xml]
[INFO] [2017-03-21 18:37:51][org.springframework.web.context.ContextLoader]Root WebApplicationContext: initialization completed in 1042 ms
[INFO] [2017-03-21 18:37:51][org.springframework.web.servlet.DispatcherServlet]FrameworkServlet 'SpringMVC': initialization started
[INFO] [2017-03-21 18:37:51][org.springframework.web.context.support.XmlWebApplicationContext]Refreshing WebApplicationContext for namespace 'SpringMVC-servlet': startup date [Tue Mar 21 18:37:51 CST 2017]; parent: Root WebApplicationContext
[INFO] [2017-03-21 18:37:51][org.springframework.beans.factory.xml.XmlBeanDefinitionReader]Loading XML bean definitions from class path resource [spring/spring-mvc.xml]
[INFO] [2017-03-21 18:37:51][org.springframework.web.servlet.mvc.annotation.DefaultAnnotationHandlerMapping]Mapped URL path [/sysUser/login] onto handler 'userController'
[INFO] [2017-03-21 18:37:51][org.springframework.web.servlet.mvc.annotation.DefaultAnnotationHandlerMapping]Mapped URL path [/sysUser/login.*] onto handler 'userController'
[INFO] [2017-03-21 18:37:51][org.springframework.web.servlet.mvc.annotation.DefaultAnnotationHandlerMapping]Mapped URL path [/sysUser/login/] onto handler 'userController'
[INFO] [2017-03-21 18:37:51][org.springframework.web.servlet.DispatcherServlet]FrameworkServlet 'SpringMVC': initialization completed in 299 ms
[INFO] [2017-03-21 18:37:59][org.springframework.web.context.support.XmlWebApplicationContext]Closing WebApplicationContext for namespace 'SpringMVC-servlet': startup date [Tue Mar 21 18:37:51 CST 2017]; parent: Root WebApplicationContext
[INFO] [2017-03-21 18:37:59][org.springframework.web.context.support.XmlWebApplicationContext]Closing Root WebApplicationContext: startup date [Tue Mar 21 18:37:50 CST 2017]; root of context hierarchy
